app/build/intermediates/manifest_merge_blame_file/debug/manifest-merger-blame-debug-report.txt
1<?xml version="1.0" encoding="utf-8"?>
2<manifest xmlns:android="http://schemas.android.com/apk/res/android"
3    package="com.shaksham"
4    android:versionCode="7"
5    android:versionName="1.0.0" >
6
7    <uses-sdk
8        android:minSdkVersion="21"
8-->src/main/AndroidManifest.xml
9        android:targetSdkVersion="29" />
9-->src/main/AndroidManifest.xml
10
11    <uses-permission android:name="android.permission.ACCESS_FINE_LOCATION" />
11-->src/main/AndroidManifest.xml:5:5-79
11-->src/main/AndroidManifest.xml:5:22-76
12    <uses-permission android:name="android.permission.ACCESS_COARSE_LOCATION" />
12-->src/main/AndroidManifest.xml:6:5-81
12-->src/main/AndroidManifest.xml:6:22-78
13    <uses-permission android:name="android.permission.ACCESS_NETWORK_STATE" />
13-->src/main/AndroidManifest.xml:7:5-79
13-->src/main/AndroidManifest.xml:7:22-76
14    <uses-permission android:name="android.permission.ACCESS_GPS" />
14-->src/main/AndroidManifest.xml:8:5-69
14-->src/main/AndroidManifest.xml:8:22-66
15    <uses-permission android:name="android.permission.ACCESS_ASSISTED_GPS" />
15-->src/main/AndroidManifest.xml:9:5-78
15-->src/main/AndroidManifest.xml:9:22-75
16    <uses-permission android:name="android.permission.BLUETOOTH" />
16-->src/main/AndroidManifest.xml:10:5-68
16-->src/main/AndroidManifest.xml:10:22-65
17    <uses-permission android:name="android.permission.READ_PHONE_STATE" />
17-->src/main/AndroidManifest.xml:11:5-75
17-->src/main/AndroidManifest.xml:11:22-72
18    <uses-permission android:name="android.permission.INTERNET" />
18-->src/main/AndroidManifest.xml:12:5-67
18-->src/main/AndroidManifest.xml:12:22-64
19    <uses-permission android:name="android.permission.CAMERA" />
19-->src/main/AndroidManifest.xml:13:5-65
19-->src/main/AndroidManifest.xml:13:22-62
20    <uses-permission android:name="android.permission.READ_EXTERNAL_STORAGE" />
20-->src/main/AndroidManifest.xml:14:5-80
20-->src/main/AndroidManifest.xml:14:22-77
21    <uses-permission android:name="android.permission.READ_PRIVILEGED_PHONE_STATE" />
21-->src/main/AndroidManifest.xml:15:5-86
21-->src/main/AndroidManifest.xml:15:22-83
22    <uses-permission android:name="android.permission.WRITE_EXTERNAL_STORAGE" />
22-->src/main/AndroidManifest.xml:16:5-81
22-->src/main/AndroidManifest.xml:16:22-78
23    <uses-permission android:name="android.permission.ACCESS_WIFI_STATE" />
23-->src/main/AndroidManifest.xml:17:5-76
23-->src/main/AndroidManifest.xml:17:22-73
24    <uses-permission android:name="android.permission.INTERNET" />
24-->src/main/AndroidManifest.xml:12:5-67
24-->src/main/AndroidManifest.xml:12:22-64
25    <uses-permission android:name="android.permission.READ_PRIVILEGED_PHONE_STATE " />
25-->src/main/AndroidManifest.xml:19:5-87
25-->src/main/AndroidManifest.xml:19:22-84
26
27    <permission
27-->src/main/AndroidManifest.xml:20:5-21:52
28        android:name="android.permission.WRITE_SETTINGS"
28-->src/main/AndroidManifest.xml:20:17-65
29        android:protectionLevel="signatureOrSystem" />
29-->src/main/AndroidManifest.xml:21:6-49
30
31    <application
31-->src/main/AndroidManifest.xml:23:5-65:19
32        android:allowBackup="false"
32-->src/main/AndroidManifest.xml:25:9-36
33        android:appComponentFactory="androidx.core.app.CoreComponentFactory"
33-->[androidx.core:core:1.2.0] AndroidManifest.xml:24:18-86
34        android:debuggable="true"
34-->src/main/AndroidManifest.xml:24:9-35
35        android:icon="@mipmap/ic_launcher"
35-->src/main/AndroidManifest.xml:27:9-43
36        android:label="@string/app_name"
36-->src/main/AndroidManifest.xml:28:9-41
37        android:networkSecurityConfig="@xml/network_security_config"
37-->src/main/AndroidManifest.xml:29:9-69
38        android:requestLegacyExternalStorage="true"
38-->src/main/AndroidManifest.xml:26:9-52
39        android:supportsRtl="true"
39-->src/main/AndroidManifest.xml:30:9-35
40        android:testOnly="true"
41        android:theme="@style/AppTheme"
41-->src/main/AndroidManifest.xml:31:9-40
42        android:usesCleartextTraffic="true" >
42-->src/main/AndroidManifest.xml:32:9-44
43        <activity
43-->src/main/AndroidManifest.xml:35:9-37:61
44            android:name="com.shaksham.presenter.Activities.VillageModifiedActivity"
44-->src/main/AndroidManifest.xml:35:19-79
45            android:exported="false"
45-->src/main/AndroidManifest.xml:36:13-37
46            android:screenOrientation="portrait" />
46-->src/main/AndroidManifest.xml:37:13-49
47        <activity
47-->src/main/AndroidManifest.xml:38:9-40:52
48            android:name="com.shaksham.presenter.Activities.ChangeMpinActivity"
48-->src/main/AndroidManifest.xml:38:19-74
49            android:exported="false"
49-->src/main/AndroidManifest.xml:39:13-37
50            android:screenOrientation="portrait" />
50-->src/main/AndroidManifest.xml:40:13-49
51        <activity
51-->src/main/AndroidManifest.xml:41:9-43:52
52            android:name="com.shaksham.presenter.Activities.VerifyMpinActivity"
52-->src/main/AndroidManifest.xml:41:19-74
53            android:exported="false"
53-->src/main/AndroidManifest.xml:42:13-37
54            android:screenOrientation="portrait" />
54-->src/main/AndroidManifest.xml:43:13-49
55        <activity
55-->src/main/AndroidManifest.xml:44:9-46:52
56            android:name="com.shaksham.presenter.Activities.MpinActivity"
56-->src/main/AndroidManifest.xml:44:19-68
57            android:exported="false"
57-->src/main/AndroidManifest.xml:45:13-37
58            android:screenOrientation="portrait" />
58-->src/main/AndroidManifest.xml:46:13-49
59        <activity
59-->src/main/AndroidManifest.xml:47:9-49:52
60            android:name="com.shaksham.presenter.Activities.OTPVerification"
60-->src/main/AndroidManifest.xml:47:19-71
61            android:exported="false"
61-->src/main/AndroidManifest.xml:48:13-37
62            android:screenOrientation="portrait" />
62-->src/main/AndroidManifest.xml:49:13-49
63        <activity
63-->src/main/AndroidManifest.xml:50:9-54:46
64            android:name="com.shaksham.presenter.Activities.HomeActivity"
64-->src/main/AndroidManifest.xml:51:13-62
65            android:exported="false"
65-->src/main/AndroidManifest.xml:52:13-37
66            android:launchMode="singleTop"
66-->src/main/AndroidManifest.xml:54:13-43
67            android:screenOrientation="portrait" />
67-->src/main/AndroidManifest.xml:53:13-49
68        <activity
68-->src/main/AndroidManifest.xml:55:9-57:52
69            android:name="com.shaksham.presenter.Activities.LoginActivity"
69-->src/main/AndroidManifest.xml:55:19-69
70            android:exported="false"
70-->src/main/AndroidManifest.xml:56:13-37
71            android:screenOrientation="portrait" />
71-->src/main/AndroidManifest.xml:57:13-49
72        <activity
72-->src/main/AndroidManifest.xml:58:9-64:20
73            android:name="com.shaksham.presenter.Activities.SplashActivity"
73-->src/main/AndroidManifest.xml:58:19-70
74            android:screenOrientation="portrait" >
74-->src/main/AndroidManifest.xml:59:13-49
75            <intent-filter>
75-->src/main/AndroidManifest.xml:60:13-63:29
76                <action android:name="android.intent.action.MAIN" />
76-->src/main/AndroidManifest.xml:61:17-69
76-->src/main/AndroidManifest.xml:61:25-66
77
78                <category android:name="android.intent.category.LAUNCHER" />
78-->src/main/AndroidManifest.xml:62:17-77
78-->src/main/AndroidManifest.xml:62:27-74
79            </intent-filter>
80        </activity>
81
82        <provider
82-->[androidx.lifecycle:lifecycle-process:2.1.0] AndroidManifest.xml:23:9-27:43
83            android:name="androidx.lifecycle.ProcessLifecycleOwnerInitializer"
83-->[androidx.lifecycle:lifecycle-process:2.1.0] AndroidManifest.xml:24:13-79
84            android:authorities="com.shaksham.lifecycle-process"
84-->[androidx.lifecycle:lifecycle-process:2.1.0] AndroidManifest.xml:25:13-69
85            android:exported="false"
85-->[androidx.lifecycle:lifecycle-process:2.1.0] AndroidManifest.xml:26:13-37
86            android:multiprocess="true" />
86-->[androidx.lifecycle:lifecycle-process:2.1.0] AndroidManifest.xml:27:13-40
87    </application>
88
89</manifest>